<?xml version="1.0" encoding="UTF-8"?>
<testng-results skipped="0" failed="0" ignored="0" total="1" passed="1">
  <reporter-output>
  </reporter-output>
  <suite name="Suite" duration-ms="10378" started-at="2020-03-07T11:47:48 IST" finished-at="2020-03-07T11:47:58 IST">
    <groups>
    </groups>
    <test name="Test" duration-ms="10378" started-at="2020-03-07T11:47:48 IST" finished-at="2020-03-07T11:47:58 IST">
      <class name="carrentalscript.RegisteredUsersVerification">
        <test-method status="PASS" signature="adminpage()[pri:0, instance:carrentalscript.RegisteredUsersVerification@459e9125]" name="adminpage" duration-ms="10300" started-at="2020-03-07T11:47:48 IST" finished-at="2020-03-07T11:47:58 IST">
          <reporter-output>
          </reporter-output>
        </test-method> <!-- adminpage -->
      </class> <!-- carrentalscript.RegisteredUsersVerification -->
    </test> <!-- Test -->
  </suite> <!-- Suite -->
</testng-results>
